<?xml version="1.0" encoding="UTF-8"?>
<!-- Generated by org.testng.reporters.JUnitReportReporter -->
<testsuite skipped="0" hostname="GURMUNI121033" name="empirix_package.CloseBrowser" tests="1" failures="0" timestamp="2020-01-21T23:18:58 IST" time="0.001" errors="0">
  <testcase name="close_browser_empirix" time="0.001" classname="empirix_package.CloseBrowser"/>
</testsuite> <!-- empirix_package.CloseBrowser -->
